running egg_info
creating ../../build/py_example/py_example.egg-info
writing ../../build/py_example/py_example.egg-info/PKG-INFO
writing dependency_links to ../../build/py_example/py_example.egg-info/dependency_links.txt
writing entry points to ../../build/py_example/py_example.egg-info/entry_points.txt
writing requirements to ../../build/py_example/py_example.egg-info/requires.txt
writing top-level names to ../../build/py_example/py_example.egg-info/top_level.txt
writing manifest file '../../build/py_example/py_example.egg-info/SOURCES.txt'
reading manifest file '../../build/py_example/py_example.egg-info/SOURCES.txt'
adding license file 'LICENSE'
writing manifest file '../../build/py_example/py_example.egg-info/SOURCES.txt'
running build
running build_py
creating /home/jason/ros2_ws/build/py_example/build
creating /home/jason/ros2_ws/build/py_example/build/lib
creating /home/jason/ros2_ws/build/py_example/build/lib/py_example
copying py_example/simple_subscriber.py -> /home/jason/ros2_ws/build/py_example/build/lib/py_example
copying py_example/__init__.py -> /home/jason/ros2_ws/build/py_example/build/lib/py_example
copying py_example/simple_publisher.py -> /home/jason/ros2_ws/build/py_example/build/lib/py_example
running install
running install_lib
creating /home/jason/ros2_ws/install/py_example/lib/python3.12/site-packages/py_example
copying /home/jason/ros2_ws/build/py_example/build/lib/py_example/simple_subscriber.py -> /home/jason/ros2_ws/install/py_example/lib/python3.12/site-packages/py_example
copying /home/jason/ros2_ws/build/py_example/build/lib/py_example/__init__.py -> /home/jason/ros2_ws/install/py_example/lib/python3.12/site-packages/py_example
copying /home/jason/ros2_ws/build/py_example/build/lib/py_example/simple_publisher.py -> /home/jason/ros2_ws/install/py_example/lib/python3.12/site-packages/py_example
byte-compiling /home/jason/ros2_ws/install/py_example/lib/python3.12/site-packages/py_example/simple_subscriber.py to simple_subscriber.cpython-312.pyc
byte-compiling /home/jason/ros2_ws/install/py_example/lib/python3.12/site-packages/py_example/__init__.py to __init__.cpython-312.pyc
byte-compiling /home/jason/ros2_ws/install/py_example/lib/python3.12/site-packages/py_example/simple_publisher.py to simple_publisher.cpython-312.pyc
running install_data
creating /home/jason/ros2_ws/install/py_example/share/ament_index
creating /home/jason/ros2_ws/install/py_example/share/ament_index/resource_index
creating /home/jason/ros2_ws/install/py_example/share/ament_index/resource_index/packages
copying resource/py_example -> /home/jason/ros2_ws/install/py_example/share/ament_index/resource_index/packages
copying package.xml -> /home/jason/ros2_ws/install/py_example/share/py_example
running install_egg_info
Copying ../../build/py_example/py_example.egg-info to /home/jason/ros2_ws/install/py_example/lib/python3.12/site-packages/py_example-0.0.0-py3.12.egg-info
running install_scripts
Installing simple_publisher script to /home/jason/ros2_ws/install/py_example/lib/py_example
Installing simple_subscriber script to /home/jason/ros2_ws/install/py_example/lib/py_example
writing list of installed files to '/home/jason/ros2_ws/build/py_example/install.log'
