[0.593s] Invoking command in '/home/jason/ros2_ws/src/py_example': PYTHONPATH=/home/jason/ros2_ws/build/py_example/prefix_override:/usr/lib/python3/dist-packages/colcon_core/task/python/colcon_distutils_commands:/home/jason/ros2_ws/install/py_example/lib/python3.12/site-packages:${PYTHONPATH} /usr/bin/python3 -W ignore:setup.py install is deprecated -W ignore:easy_install command is deprecated setup.py egg_info --egg-base ../../build/py_example build --build-base /home/jason/ros2_ws/build/py_example/build install --record /home/jason/ros2_ws/build/py_example/install.log --single-version-externally-managed install_data
[0.787s] running egg_info
[0.787s] creating ../../build/py_example/py_example.egg-info
[0.798s] writing ../../build/py_example/py_example.egg-info/PKG-INFO
[0.798s] writing dependency_links to ../../build/py_example/py_example.egg-info/dependency_links.txt
[0.799s] writing entry points to ../../build/py_example/py_example.egg-info/entry_points.txt
[0.799s] writing requirements to ../../build/py_example/py_example.egg-info/requires.txt
[0.799s] writing top-level names to ../../build/py_example/py_example.egg-info/top_level.txt
[0.799s] writing manifest file '../../build/py_example/py_example.egg-info/SOURCES.txt'
[0.822s] reading manifest file '../../build/py_example/py_example.egg-info/SOURCES.txt'
[0.822s] adding license file 'LICENSE'
[0.822s] writing manifest file '../../build/py_example/py_example.egg-info/SOURCES.txt'
[0.822s] running build
[0.822s] running build_py
[0.823s] creating /home/jason/ros2_ws/build/py_example/build
[0.823s] creating /home/jason/ros2_ws/build/py_example/build/lib
[0.823s] creating /home/jason/ros2_ws/build/py_example/build/lib/py_example
[0.823s] copying py_example/simple_subscriber.py -> /home/jason/ros2_ws/build/py_example/build/lib/py_example
[0.823s] copying py_example/__init__.py -> /home/jason/ros2_ws/build/py_example/build/lib/py_example
[0.823s] copying py_example/simple_publisher.py -> /home/jason/ros2_ws/build/py_example/build/lib/py_example
[0.824s] running install
[0.830s] running install_lib
[0.843s] creating /home/jason/ros2_ws/install/py_example/lib/python3.12/site-packages/py_example
[0.843s] copying /home/jason/ros2_ws/build/py_example/build/lib/py_example/simple_subscriber.py -> /home/jason/ros2_ws/install/py_example/lib/python3.12/site-packages/py_example
[0.844s] copying /home/jason/ros2_ws/build/py_example/build/lib/py_example/__init__.py -> /home/jason/ros2_ws/install/py_example/lib/python3.12/site-packages/py_example
[0.844s] copying /home/jason/ros2_ws/build/py_example/build/lib/py_example/simple_publisher.py -> /home/jason/ros2_ws/install/py_example/lib/python3.12/site-packages/py_example
[0.844s] byte-compiling /home/jason/ros2_ws/install/py_example/lib/python3.12/site-packages/py_example/simple_subscriber.py to simple_subscriber.cpython-312.pyc
[0.845s] byte-compiling /home/jason/ros2_ws/install/py_example/lib/python3.12/site-packages/py_example/__init__.py to __init__.cpython-312.pyc
[0.845s] byte-compiling /home/jason/ros2_ws/install/py_example/lib/python3.12/site-packages/py_example/simple_publisher.py to simple_publisher.cpython-312.pyc
[0.845s] running install_data
[0.846s] creating /home/jason/ros2_ws/install/py_example/share/ament_index
[0.846s] creating /home/jason/ros2_ws/install/py_example/share/ament_index/resource_index
[0.846s] creating /home/jason/ros2_ws/install/py_example/share/ament_index/resource_index/packages
[0.846s] copying resource/py_example -> /home/jason/ros2_ws/install/py_example/share/ament_index/resource_index/packages
[0.847s] copying package.xml -> /home/jason/ros2_ws/install/py_example/share/py_example
[0.847s] running install_egg_info
[0.860s] Copying ../../build/py_example/py_example.egg-info to /home/jason/ros2_ws/install/py_example/lib/python3.12/site-packages/py_example-0.0.0-py3.12.egg-info
[0.861s] running install_scripts
[0.949s] Installing simple_publisher script to /home/jason/ros2_ws/install/py_example/lib/py_example
[0.950s] Installing simple_subscriber script to /home/jason/ros2_ws/install/py_example/lib/py_example
[0.950s] writing list of installed files to '/home/jason/ros2_ws/build/py_example/install.log'
[0.983s] Invoked command in '/home/jason/ros2_ws/src/py_example' returned '0': PYTHONPATH=/home/jason/ros2_ws/build/py_example/prefix_override:/usr/lib/python3/dist-packages/colcon_core/task/python/colcon_distutils_commands:/home/jason/ros2_ws/install/py_example/lib/python3.12/site-packages:${PYTHONPATH} /usr/bin/python3 -W ignore:setup.py install is deprecated -W ignore:easy_install command is deprecated setup.py egg_info --egg-base ../../build/py_example build --build-base /home/jason/ros2_ws/build/py_example/build install --record /home/jason/ros2_ws/build/py_example/install.log --single-version-externally-managed install_data
